Building DAG of jobs...
Using shell: /usr/bin/bash
Provided cores: 1 (use --cores to define parallelism)
Rules claiming more threads will be scaled down.
Job stats:
job               count
--------------  -------
samtools_index        2
total                 2

Select jobs to execute...
Execute 1 jobs...

[Thu Apr  4 12:19:55 2024]
localrule samtools_index:
    input: sorted_reads/B.bam
    output: sorted_reads/B.bam.bai
    jobid: 3
    reason: Missing output files: sorted_reads/B.bam.bai
    wildcards: sample=B
    resources: tmpdir=/tmp

[Thu Apr  4 12:19:55 2024]
Finished job 3.
1 of 2 steps (50%) done
Select jobs to execute...
Execute 1 jobs...

[Thu Apr  4 12:19:55 2024]
localrule samtools_index:
    input: sorted_reads/A.bam
    output: sorted_reads/A.bam.bai
    jobid: 0
    reason: Missing output files: sorted_reads/A.bam.bai
    wildcards: sample=A
    resources: tmpdir=/tmp

[Thu Apr  4 12:19:55 2024]
Finished job 0.
2 of 2 steps (100%) done
Complete log: .snakemake/log/2024-04-04T121953.236442.snakemake.log
