Building DAG of jobs...
Using shell: /usr/bin/bash
Provided cores: 1 (use --cores to define parallelism)
Rules claiming more threads will be scaled down.
Job stats:
job              count
-------------  -------
bcftools_call        1
total                1

Select jobs to execute...
Execute 1 jobs...

[Thu Apr  4 12:29:50 2024]
localrule bcftools_call:
    input: data/genome.fa, sorted_reads/A.bam, sorted_reads/B.bam, sorted_reads/A.bam.bai, sorted_reads/B.bam.bai
    output: calls/all.vcf
    jobid: 0
    reason: Missing output files: calls/all.vcf
    resources: tmpdir=/tmp

[Thu Apr  4 12:29:51 2024]
Finished job 0.
1 of 1 steps (100%) done
Complete log: .snakemake/log/2024-04-04T122949.846715.snakemake.log
