Building DAG of jobs...
Using shell: /usr/bin/bash
Provided cores: 1 (use --cores to define parallelism)
Rules claiming more threads will be scaled down.
Job stats:
job           count
----------  -------
plot_quals        1
total             1

Select jobs to execute...
Execute 1 jobs...

[Thu Apr  4 13:01:36 2024]
localrule plot_quals:
    input: calls/all.vcf
    output: plots/quals.svg
    jobid: 0
    reason: Code has changed since last execution
    resources: tmpdir=/tmp

[Thu Apr  4 13:01:44 2024]
Finished job 0.
1 of 1 steps (100%) done
Complete log: .snakemake/log/2024-04-04T130135.778593.snakemake.log
